#
# A fatal error has been detected by the Java Runtime Environment:
#
#  EXCEPTION_ACCESS_VIOLATION (0xc0000005) at pc=0x00007ffdc9035f4b, pid=864, tid=8600
#
# JRE version: Java(TM) SE Runtime Environment (17.0.7+8) (build 17.0.7+8-LTS-224)
# Java VM: Java HotSpot(TM) 64-Bit Server VM (17.0.7+8-LTS-224, mixed mode, emulated-client, sharing, tiered, compressed oops, compressed class ptrs, g1 gc, windows-amd64)
# Problematic frame:
# V  [jvm.dll+0x745f4b]
#
# No core dump will be written. Minidumps are not enabled by default on client versions of Windows
#
# If you would like to submit a bug report, please visit:
#   https://bugreport.java.com/bugreport/crash.jsp
#

---------------  S U M M A R Y ------------

Command Line: -Dcom.sun.management.jmxremote -Dcom.sun.management.jmxremote.port=55536 -Dcom.sun.management.jmxremote.authenticate=false -Dcom.sun.management.jmxremote.ssl=false -Djava.rmi.server.hostname=localhost -Dspring.jmx.enabled=true -Dmanagement.endpoints.jmx.exposure.include=* -Dspring.application.admin.enabled=true -XX:TieredStopAtLevel=1 -Dspring.boot.project.name=dslist -Dfile.encoding=UTF-8 -XX:+ShowCodeDetailsInExceptionMessages com.devsuperior.dslist.DslistApplication --spring.output.ansi.enabled=always

Host: Intel(R) Core(TM) i5-8265U CPU @ 1.60GHz, 8 cores, 7G,  Windows 10 , 64 bit Build 19041 (10.0.19041.2788)
Time: Wed May 10 23:38:55 2023 Hora oficial do Brasil elapsed time: 2.867607 seconds (0d 0h 0m 2s)

---------------  T H R E A D  ---------------

Current thread (0x00000249396fa810):  JavaThread "main" [_thread_in_vm, id=8600, stack(0x000000c98ee00000,0x000000c98ef00000)]

Stack: [0x000000c98ee00000,0x000000c98ef00000],  sp=0x000000c98eefa5f0,  free space=1001k
Native frames: (J=compiled Java code, j=interpreted, Vv=VM code, C=native code)
V  [jvm.dll+0x745f4b]
V  [jvm.dll+0x747dfd]
V  [jvm.dll+0x747d43]
V  [jvm.dll+0x1e6222]
V  [jvm.dll+0x1e4eef]
V  [jvm.dll+0x1ea150]
V  [jvm.dll+0x1dfdc1]
V  [jvm.dll+0x53cf0c]
V  [jvm.dll+0x752158]
V  [jvm.dll+0x752244]
V  [jvm.dll+0x40b12f]
V  [jvm.dll+0x411149]
C  [java.dll+0x17ec]

Java frames: (J=compiled Java code, j=interpreted, Vv=VM code)
J 1132  java.lang.ClassLoader.defineClass1(Ljava/lang/ClassLoader;Ljava/lang/String;[BIILjava/security/ProtectionDomain;Ljava/lang/String;)Ljava/lang/Class; java.base@17.0.7 (0 bytes) @ 0x0000024942bcdb63 [0x0000024942bcdaa0+0x00000000000000c3]
J 1312 c1 java.lang.ClassLoader.defineClass(Ljava/lang/String;[BIILjava/security/ProtectionDomain;)Ljava/lang/Class; java.base@17.0.7 (43 bytes) @ 0x0000024942c113dc [0x0000024942c112e0+0x00000000000000fc]
J 1153 c1 jdk.internal.loader.BuiltinClassLoader.defineClass(Ljava/lang/String;Ljdk/internal/loader/Resource;)Ljava/lang/Class; java.base@17.0.7 (121 bytes) @ 0x0000024942bd9e64 [0x0000024942bd99a0+0x00000000000004c4]
J 1135 c1 jdk.internal.loader.BuiltinClassLoader.findClassOnClassPathOrNull(Ljava/lang/String;)Ljava/lang/Class; java.base@17.0.7 (64 bytes) @ 0x0000024942bcf8b4 [0x0000024942bcf600+0x00000000000002b4]
J 953 c1 jdk.internal.loader.BuiltinClassLoader.loadClassOrNull(Ljava/lang/String;Z)Ljava/lang/Class; java.base@17.0.7 (143 bytes) @ 0x0000024942b7cadc [0x0000024942b7c680+0x000000000000045c]
J 1039 c1 jdk.internal.loader.ClassLoaders$AppClassLoader.loadClass(Ljava/lang/String;Z)Ljava/lang/Class; java.base@17.0.7 (40 bytes) @ 0x0000024942baa7a4 [0x0000024942baa660+0x0000000000000144]
J 1036 c1 java.lang.ClassLoader.loadClass(Ljava/lang/String;)Ljava/lang/Class; java.base@17.0.7 (7 bytes) @ 0x0000024942ba9be4 [0x0000024942ba9ba0+0x0000000000000044]
v  ~StubRoutines::call_stub
J 1132  java.lang.ClassLoader.defineClass1(Ljava/lang/ClassLoader;Ljava/lang/String;[BIILjava/security/ProtectionDomain;Ljava/lang/String;)Ljava/lang/Class; java.base@17.0.7 (0 bytes) @ 0x0000024942bcdb63 [0x0000024942bcdaa0+0x00000000000000c3]
J 1312 c1 java.lang.ClassLoader.defineClass(Ljava/lang/String;[BIILjava/security/ProtectionDomain;)Ljava/lang/Class; java.base@17.0.7 (43 bytes) @ 0x0000024942c113dc [0x0000024942c112e0+0x00000000000000fc]
J 1153 c1 jdk.internal.loader.BuiltinClassLoader.defineClass(Ljava/lang/String;Ljdk/internal/loader/Resource;)Ljava/lang/Class; java.base@17.0.7 (121 bytes) @ 0x0000024942bd9e64 [0x0000024942bd99a0+0x00000000000004c4]
J 1135 c1 jdk.internal.loader.BuiltinClassLoader.findClassOnClassPathOrNull(Ljava/lang/String;)Ljava/lang/Class; java.base@17.0.7 (64 bytes) @ 0x0000024942bcf8b4 [0x0000024942bcf600+0x00000000000002b4]
J 953 c1 jdk.internal.loader.BuiltinClassLoader.loadClassOrNull(Ljava/lang/String;Z)Ljava/lang/Class; java.base@17.0.7 (143 bytes) @ 0x0000024942b7cadc [0x0000024942b7c680+0x000000000000045c]
J 1039 c1 jdk.internal.loader.ClassLoaders$AppClassLoader.loadClass(Ljava/lang/String;Z)Ljava/lang/Class; java.base@17.0.7 (40 bytes) @ 0x0000024942baa7a4 [0x0000024942baa660+0x0000000000000144]
J 1036 c1 java.lang.ClassLoader.loadClass(Ljava/lang/String;)Ljava/lang/Class; java.base@17.0.7 (7 bytes) @ 0x0000024942ba9be4 [0x0000024942ba9ba0+0x0000000000000044]
v  ~StubRoutines::call_stub
j  org.hibernate.internal.HEMLogging.messageLogger(Ljava/lang/String;)Lorg/hibernate/internal/EntityManagerMessageLogger;+0
j  org.hibernate.internal.HEMLogging.messageLogger(Ljava/lang/Class;)Lorg/hibernate/internal/EntityManagerMessageLogger;+4
j  org.hibernate.jpa.boot.internal.EntityManagerFactoryBuilderImpl.<clinit>()V+2
v  ~StubRoutines::call_stub
j  org.springframework.orm.jpa.vendor.SpringHibernateJpaPersistenceProvider.createContainerEntityManagerFactory(Ljakarta/persistence/spi/PersistenceUnitInfo;Ljava/util/Map;)Ljakarta/persistence/EntityManagerFactory;+41
j  org.springframework.orm.jpa.LocalContainerEntityManagerFactoryBean.createNativeEntityManagerFactory()Ljakarta/persistence/EntityManagerFactory;+111
j  org.springframework.orm.jpa.AbstractEntityManagerFactoryBean.buildNativeEntityManagerFactory()Ljakarta/persistence/EntityManagerFactory;+1
j  org.springframework.orm.jpa.AbstractEntityManagerFactoryBean.afterPropertiesSet()V+192
j  org.springframework.orm.jpa.LocalContainerEntityManagerFactoryBean.afterPropertiesSet()V+84
j  org.springframework.beans.factory.support.AbstractAutowireCapableBeanFactory.invokeInitMethods(Ljava/lang/String;Ljava/lang/Object;Lorg/springframework/beans/factory/support/RootBeanDefinition;)V+56
j  org.springframework.beans.factory.support.AbstractAutowireCapableBeanFactory.initializeBean(Ljava/lang/String;Ljava/lang/Object;Lorg/springframework/beans/factory/support/RootBeanDefinition;)Ljava/lang/Object;+34
j  org.springframework.beans.factory.support.AbstractAutowireCapableBeanFactory.doCreateBean(Ljava/lang/String;Lorg/springframework/beans/factory/support/RootBeanDefinition;[Ljava/lang/Object;)Ljava/lang/Object;+228
j  org.springframework.beans.factory.support.AbstractAutowireCapableBeanFactory.createBean(Ljava/lang/String;Lorg/springframework/beans/factory/support/RootBeanDefinition;[Ljava/lang/Object;)Ljava/lang/Object;+153
j  org.springframework.beans.factory.support.AbstractBeanFactory.lambda$doGetBean$0(Ljava/lang/String;Lorg/springframework/beans/factory/support/RootBeanDefinition;[Ljava/lang/Object;)Ljava/lang/Object;+4
j  org.springframework.beans.factory.support.AbstractBeanFactory$$Lambda$343+0x0000000800e0f960.getObject()Ljava/lang/Object;+16
j  org.springframework.beans.factory.support.DefaultSingletonBeanRegistry.getSingleton(Ljava/lang/String;Lorg/springframework/beans/factory/ObjectFactory;)Ljava/lang/Object;+114
J 2509 c1 org.springframework.beans.factory.support.AbstractBeanFactory.doGetBean(Ljava/lang/String;Ljava/lang/Class;[Ljava/lang/Object;Z)Ljava/lang/Object; (714 bytes) @ 0x0000024942dfe584 [0x0000024942dfdfc0+0x00000000000005c4]
j  org.springframework.beans.factory.support.AbstractBeanFactory.getBean(Ljava/lang/String;)Ljava/lang/Object;+5
j  org.springframework.context.support.AbstractApplicationContext.getBean(Ljava/lang/String;)Ljava/lang/Object;+9
j  org.springframework.context.support.AbstractApplicationContext.finishBeanFactoryInitialization(Lorg/springframework/beans/factory/config/ConfigurableListableBeanFactory;)V+106
j  org.springframework.context.support.AbstractApplicationContext.refresh()V+86
j  org.springframework.boot.web.servlet.context.ServletWebServerApplicationContext.refresh()V+1
j  org.springframework.boot.SpringApplication.refresh(Lorg/springframework/context/ConfigurableApplicationContext;)V+1
j  org.springframework.boot.SpringApplication.refreshContext(Lorg/springframework/context/ConfigurableApplicationContext;)V+16
j  org.springframework.boot.SpringApplication.run([Ljava/lang/String;)Lorg/springframework/context/ConfigurableApplicationContext;+101
j  org.springframework.boot.SpringApplication.run([Ljava/lang/Class;[Ljava/lang/String;)Lorg/springframework/context/ConfigurableApplicationContext;+9
j  org.springframework.boot.SpringApplication.run(Ljava/lang/Class;[Ljava/lang/String;)Lorg/springframework/context/ConfigurableApplicationContext;+9
j  com.devsuperior.dslist.DslistApplication.main([Ljava/lang/String;)V+3
v  ~StubRoutines::call_stub

siginfo: EXCEPTION_ACCESS_VIOLATION (0xc0000005), reading address 0xffffffffffffffff


Register to memory mapping:

RIP=0x00007ffdc9035f4b jvm.dll
RAX=0x000002494fe34950 points into unknown readable memory: 0x0000000000000000 | 00 00 00 00 00 00 00 00
RBX=0x000002494fe349a0 points into unknown readable memory: 0x000002494eb386c0 | c0 86 b3 4e 49 02 00 00
RCX=0x000000000000002a is an unknown value
RDX=0x00000000895847eb is pointing into object: java.lang.String 
{0x00000000895847e0} - klass: 'java/lang/String'
 - string: "formConverter"
RSP=0x000000c98eefa5f0 is pointing into the stack for thread: 0x00000249396fa810
RBP=0x000002494d468850 points into unknown readable memory: 0x0000000000000000 | 00 00 00 00 00 00 00 00
RSI=0x0000000000000001 is an unknown value
RDI=0x000402494fe18660 is an unknown value
R8 =0x0 is NULL
R9 =0x000000c98eefa6b0 is pointing into the stack for thread: 0x00000249396fa810
R10=0x0000000000000061 is an unknown value
R11=0x000000000000002a is an unknown value
R12=0x0 is NULL
R13=0x000000c98eefa6b0 is pointing into the stack for thread: 0x00000249396fa810
R14=0x000000c98eefa670 is pointing into the stack for thread: 0x00000249396fa810
R15=0x00000249396fa810 is a thread


Registers:
RAX=0x000002494fe34950, RBX=0x000002494fe349a0, RCX=0x000000000000002a, RDX=0x00000000895847eb
RSP=0x000000c98eefa5f0, RBP=0x000002494d468850, RSI=0x0000000000000001, RDI=0x000402494fe18660
R8 =0x0000000000000000, R9 =0x000000c98eefa6b0, R10=0x0000000000000061, R11=0x000000000000002a
R12=0x0000000000000000, R13=0x000000c98eefa6b0, R14=0x000000c98eefa670, R15=0x00000249396fa810
RIP=0x00007ffdc9035f4b, EFLAGS=0x0000000000010202

Top of Stack: (sp=0x000000c98eefa5f0)
0x000000c98eefa5f0:   000000c98eefa610 000000c98eefa698
0x000000c98eefa600:   000000c98eefa690 00000249396fade0
0x000000c98eefa610:   0000024939579708 00000000895847eb
0x000000c98eefa620:   000000000000002a 00000000000001e6
0x000000c98eefa630:   000000000000002a 00007ffdc9037dfd
0x000000c98eefa640:   0000000800450080 00000249395796f0
0x000000c98eefa650:   00000249502d0045 000000000000002a
0x000000c98eefa660:   000000c98eefa6b8 0000024939579708
0x000000c98eefa670:   00000000895847eb 00007ffd0000002a
0x000000c98eefa680:   00000249502d0045 000000c98eefa7e0
0x000000c98eefa690:   000000000000002a 00000249502d0045
0x000000c98eefa6a0:   000000c98eefa7e0 00007ffdc9037d43
0x000000c98eefa6b0:   0000000000000000 00000249502d0000
0x000000c98eefa6c0:   00000000895847eb 000000000000002a
0x000000c98eefa6d0:   000000c98eefab80 00007ffdc8ad6222
0x000000c98eefa6e0:   00000249396fa810 00000249513384d8 

Instructions: (pc=0x00007ffdc9035f4b)
0x00007ffdc9035e4b:   7c 24 50 48 3b f5 0f 82 b9 fd ff ff 4c 8b b4 24
0x00007ffdc9035e5b:   b8 08 00 00 49 89 9d f8 00 00 00 48 8b 8c 24 60
0x00007ffdc9035e6b:   08 00 00 48 33 cc e8 9a df 0e 00 48 81 c4 70 08
0x00007ffdc9035e7b:   00 00 41 5f 41 5d 41 5c 5f 5e 5d 5b c3 cc cc cc
0x00007ffdc9035e8b:   cc cc cc cc cc 41 54 41 55 41 57 48 83 ec 30 4c
0x00007ffdc9035e9b:   8b a2 f8 00 00 00 4d 8b e9 48 89 5c 24 58 4c 8b
0x00007ffdc9035eab:   fa 48 89 6c 24 60 48 8b e9 48 89 74 24 68 49 8b
0x00007ffdc9035ebb:   c4 4c 89 74 24 20 4d 8b f0 41 f6 c4 01 75 0b 48
0x00007ffdc9035ecb:   8b 05 bf fc 3b 00 48 83 c8 01 48 89 82 f8 00 00
0x00007ffdc9035edb:   00 e8 bf 1d f2 ff 90 45 33 c0 48 8b 45 48 48 85
0x00007ffdc9035eeb:   c0 74 0d 4c 89 45 48 e8 a9 1d f2 ff 45 33 c0 90
0x00007ffdc9035efb:   48 8b 45 08 49 8b 16 48 8b 48 18 48 8b 00 48 23
0x00007ffdc9035f0b:   ca 48 8d 1c c8 48 8b 04 c8 d0 e8 a8 01 74 12 48
0x00007ffdc9035f1b:   8b 45 10 48 8b 48 18 48 8b 00 48 23 ca 48 8d 1c
0x00007ffdc9035f2b:   c8 48 8b 1b 49 8b f0 48 83 e3 fc 74 4f 48 89 7c
0x00007ffdc9035f3b:   24 28 0f 1f 00 48 8b 7b 08 48 ff c6 49 63 4e 08
0x00007ffdc9035f4b:   0f b7 47 04 3b c1 75 22 49 8b 56 10 4c 8b c1 48
0x00007ffdc9035f5b:   8d 4f 06 e8 e7 ef 0e 00 85 c0 75 0e 48 8b cf e8
0x00007ffdc9035f6b:   a1 f8 ff ff 84 c0 75 0c eb 02 8b 07 48 8b 1b 48
0x00007ffdc9035f7b:   85 db 75 c1 48 8b 7c 24 28 45 33 c0 48 8b 54 24
0x00007ffdc9035f8b:   70 48 8d 4b 08 4c 8b 74 24 20 48 85 db 48 8b 5c
0x00007ffdc9035f9b:   24 58 49 0f 44 c8 48 85 d2 74 09 48 3b 75 28 0f
0x00007ffdc9035fab:   97 c0 88 02 48 8b 74 24 68 48 8b 6c 24 60 48 85
0x00007ffdc9035fbb:   c9 74 1b 48 8b 01 49 89 45 00 b0 01 4d 89 a7 f8
0x00007ffdc9035fcb:   00 00 00 48 83 c4 30 41 5f 41 5d 41 5c c3 32 c0
0x00007ffdc9035fdb:   4d 89 a7 f8 00 00 00 48 83 c4 30 41 5f 41 5d 41
0x00007ffdc9035feb:   5c c3 cc cc cc 4c 89 44 24 18 48 89 54 24 10 48
0x00007ffdc9035ffb:   89 4c 24 08 53 55 56 57 41 54 41 55 41 56 41 57
0x00007ffdc903600b:   48 83 ec 48 4d 8b 20 40 32 ed 33 c0 4c 89 64 24
0x00007ffdc903601b:   20 48 89 84 24 a8 00 00 00 49 8b d9 b8 01 00 00
0x00007ffdc903602b:   00 4c 8b fa 4c 8b f1 f0 48 0f c1 05 5d 15 3e 00
0x00007ffdc903603b:   45 33 c0 41 8d 50 0a 8d 4a 06 e8 b6 ef 95 ff 48 


Stack slot to memory mapping:
stack at sp + 0 slots: 0x000000c98eefa610 is pointing into the stack for thread: 0x00000249396fa810
stack at sp + 1 slots: 0x000000c98eefa698 is pointing into the stack for thread: 0x00000249396fa810
stack at sp + 2 slots: 0x000000c98eefa690 is pointing into the stack for thread: 0x00000249396fa810
stack at sp + 3 slots: 0x00000249396fade0 points into unknown readable memory: 0x0000000000000000 | 00 00 00 00 00 00 00 00
stack at sp + 4 slots: 0x0000024939579708 points into unknown readable memory: 0x0000000000000000 | 00 00 00 00 00 00 00 00
stack at sp + 5 slots: 0x00000000895847eb is pointing into object: java.lang.String 
{0x00000000895847e0} - klass: 'java/lang/String'
 - string: "formConverter"
stack at sp + 6 slots: 0x000000000000002a is an unknown value
stack at sp + 7 slots: 0x00000000000001e6 is an unknown value


---------------  P R O C E S S  ---------------

Threads class SMR info:
_java_thread_list=0x0000024950258aa0, length=24, elements={
0x00000249396fa810, 0x000002494d59fdc0, 0x000002494d5a0b40, 0x000002494d5b3280,
0x000002494d5b6b70, 0x000002494d5b9f90, 0x000002494d5be140, 0x000002494d5c81b0,
0x000002494d5c8e60, 0x000002494d5be610, 0x000002494e082e80, 0x000002494e0839b0,
0x000002494e0860b0, 0x000002494d5bc930, 0x000002494d5bbac0, 0x000002494d5bce00,
0x000002494d5bac50, 0x000002494d5bd2d0, 0x000002494d5bb120, 0x000002494d5bd7a0,
0x000002494d5bdc70, 0x000002494d5bb5f0, 0x000002494d5bc460, 0x000002494d5bbf90
}

Java Threads: ( => current thread )
=>0x00000249396fa810 JavaThread "main" [_thread_in_vm, id=8600, stack(0x000000c98ee00000,0x000000c98ef00000)]
  0x000002494d59fdc0 JavaThread "Reference Handler" daemon [_thread_blocked, id=9184, stack(0x000000c98f500000,0x000000c98f600000)]
  0x000002494d5a0b40 JavaThread "Finalizer" daemon [_thread_blocked, id=11308, stack(0x000000c98f600000,0x000000c98f700000)]
  0x000002494d5b3280 JavaThread "Signal Dispatcher" daemon [_thread_blocked, id=14980, stack(0x000000c98f700000,0x000000c98f800000)]
  0x000002494d5b6b70 JavaThread "Attach Listener" daemon [_thread_blocked, id=1232, stack(0x000000c98f800000,0x000000c98f900000)]
  0x000002494d5b9f90 JavaThread "Service Thread" daemon [_thread_blocked, id=15512, stack(0x000000c98f900000,0x000000c98fa00000)]
  0x000002494d5be140 JavaThread "Monitor Deflation Thread" daemon [_thread_blocked, id=1920, stack(0x000000c98fa00000,0x000000c98fb00000)]
  0x000002494d5c81b0 JavaThread "C1 CompilerThread0" daemon [_thread_blocked, id=11380, stack(0x000000c98fb00000,0x000000c98fc00000)]
  0x000002494d5c8e60 JavaThread "Sweeper thread" daemon [_thread_blocked, id=6716, stack(0x000000c98fc00000,0x000000c98fd00000)]
  0x000002494d5be610 JavaThread "Common-Cleaner" daemon [_thread_blocked, id=10708, stack(0x000000c98fd00000,0x000000c98fe00000)]
  0x000002494e082e80 JavaThread "C1 CompilerThread1" daemon [_thread_blocked, id=6684, stack(0x000000c98fe00000,0x000000c98ff00000)]
  0x000002494e0839b0 JavaThread "C1 CompilerThread2" daemon [_thread_blocked, id=8896, stack(0x000000c98ff00000,0x000000c990000000)]
  0x000002494e0860b0 JavaThread "C1 CompilerThread3" daemon [_thread_blocked, id=2264, stack(0x000000c990000000,0x000000c990100000)]
  0x000002494d5bc930 JavaThread "Notification Thread" daemon [_thread_blocked, id=16256, stack(0x000000c990100000,0x000000c990200000)]
  0x000002494d5bbac0 JavaThread "RMI TCP Accept-0" daemon [_thread_in_native, id=9268, stack(0x000000c990200000,0x000000c990300000)]
  0x000002494d5bce00 JavaThread "RMI TCP Accept-55536" daemon [_thread_in_native, id=16188, stack(0x000000c990300000,0x000000c990400000)]
  0x000002494d5bac50 JavaThread "RMI TCP Accept-0" daemon [_thread_in_native, id=8644, stack(0x000000c990400000,0x000000c990500000)]
  0x000002494d5bd2d0 JavaThread "RMI TCP Connection(1)-127.0.0.1" daemon [_thread_in_native, id=14468, stack(0x000000c990600000,0x000000c990700000)]
  0x000002494d5bb120 JavaThread "RMI Scheduler(0)" daemon [_thread_blocked, id=6052, stack(0x000000c990700000,0x000000c990800000)]
  0x000002494d5bd7a0 JavaThread "RMI TCP Connection(2)-127.0.0.1" daemon [_thread_in_native, id=9860, stack(0x000000c990800000,0x000000c990900000)]
  0x000002494d5bdc70 JavaThread "JMX server connection timeout 22" daemon [_thread_blocked, id=16368, stack(0x000000c990900000,0x000000c990a00000)]
  0x000002494d5bb5f0 JavaThread "Catalina-utility-1" [_thread_blocked, id=5100, stack(0x000000c991500000,0x000000c991600000)]
  0x000002494d5bc460 JavaThread "Catalina-utility-2" [_thread_blocked, id=14856, stack(0x000000c991600000,0x000000c991700000)]
  0x000002494d5bbf90 JavaThread "container-0" [_thread_blocked, id=8836, stack(0x000000c991700000,0x000000c991800000)]

Other Threads:
  0x000002494d597af0 VMThread "VM Thread" [stack: 0x000000c98f400000,0x000000c98f500000] [id=16088]
  0x00000249397708d0 WatcherThread [stack: 0x000000c990500000,0x000000c990600000] [id=14548]
  0x0000024939755ba0 GCTaskThread "GC Thread#0" [stack: 0x000000c98ef00000,0x000000c98f000000] [id=10932]
  0x000002494e8e3be0 GCTaskThread "GC Thread#1" [stack: 0x000000c990a00000,0x000000c990b00000] [id=11744]
  0x000002494e918dd0 GCTaskThread "GC Thread#2" [stack: 0x000000c990b00000,0x000000c990c00000] [id=13876]
  0x000002494e94c0b0 GCTaskThread "GC Thread#3" [stack: 0x000000c990c00000,0x000000c990d00000] [id=15496]
  0x000002494e94c770 GCTaskThread "GC Thread#4" [stack: 0x000000c990d00000,0x000000c990e00000] [id=13332]
  0x000002494e94ca20 GCTaskThread "GC Thread#5" [stack: 0x000000c990e00000,0x000000c990f00000] [id=8444]
  0x000002494e950ce0 GCTaskThread "GC Thread#6" [stack: 0x000000c990f00000,0x000000c991000000] [id=13644]
  0x000002494e952fa0 GCTaskThread "GC Thread#7" [stack: 0x000000c991000000,0x000000c991100000] [id=14768]
  0x0000024939767d20 ConcurrentGCThread "G1 Main Marker" [stack: 0x000000c98f000000,0x000000c98f100000] [id=900]
  0x0000024939768640 ConcurrentGCThread "G1 Conc#0" [stack: 0x000000c98f100000,0x000000c98f200000] [id=15740]
  0x000002494ff74370 ConcurrentGCThread "G1 Conc#1" [stack: 0x000000c991400000,0x000000c991500000] [id=6300]
  0x00000249397ceaf0 ConcurrentGCThread "G1 Refine#0" [stack: 0x000000c98f200000,0x000000c98f300000] [id=9312]
  0x000002494e92e3b0 ConcurrentGCThread "G1 Refine#1" [stack: 0x000000c991100000,0x000000c991200000] [id=12064]
  0x000002494e92e690 ConcurrentGCThread "G1 Refine#2" [stack: 0x000000c991200000,0x000000c991300000] [id=9756]
  0x000002494e953660 ConcurrentGCThread "G1 Refine#3" [stack: 0x000000c991300000,0x000000c991400000] [id=7880]
  0x000002494d452600 ConcurrentGCThread "G1 Service" [stack: 0x000000c98f300000,0x000000c98f400000] [id=4404]

Threads with active compile tasks:

VM state: not at safepoint (normal execution)

VM Mutex/Monitor currently owned by a thread: None

Heap address: 0x0000000082400000, size: 2012 MB, Compressed Oops mode: 32-bit

CDS archive(s) mapped at: [0x0000000800000000-0x0000000800bd0000-0x0000000800bd0000), size 12386304, SharedBaseAddress: 0x0000000800000000, ArchiveRelocationMode: 0.
Compressed class space mapped at: 0x0000000800c00000-0x0000000840c00000, reserved size: 1073741824
Narrow klass base: 0x0000000800000000, Narrow klass shift: 0, Narrow klass range: 0x100000000

GC Precious Log:
 CPUs: 8 total, 8 available
 Memory: 8042M
 Large Page Support: Disabled
 NUMA Support: Disabled
 Compressed Oops: Enabled (32-bit)
 Heap Region Size: 1M
 Heap Min Capacity: 8M
 Heap Initial Capacity: 126M
 Heap Max Capacity: 2012M
 Pre-touch: Disabled
 Parallel Workers: 8
 Concurrent Workers: 2
 Concurrent Refinement Workers: 8
 Periodic GC: Disabled

Heap:
 garbage-first heap   total 51200K, used 28019K [0x0000000082400000, 0x0000000100000000)
  region size 1024K, 14 young (14336K), 1 survivors (1024K)
 Metaspace       used 27434K, committed 27840K, reserved 1073152K
  class space    used 3828K, committed 4032K, reserved 1048576K

Heap Regions: E=young(eden), S=young(survivor), O=old, HS=humongous(starts), HC=humongous(continues), CS=collection set, F=free, OA=open archive, CA=closed archive, TAMS=top-at-mark-start (previous, next)
|   0|0x0000000082400000, 0x0000000082500000, 0x0000000082500000|100%|HS|  |TAMS 0x0000000082500000, 0x0000000082400000| Complete 
|   1|0x0000000082500000, 0x0000000082600000, 0x0000000082600000|100%| O|  |TAMS 0x0000000082600000, 0x0000000082500000| Untracked 
|   2|0x0000000082600000, 0x0000000082700000, 0x0000000082700000|100%| O|  |TAMS 0x0000000082700000, 0x0000000082600000| Untracked 
|   3|0x0000000082700000, 0x0000000082800000, 0x0000000082800000|100%| O|  |TAMS 0x0000000082800000, 0x0000000082700000| Untracked 
|   4|0x0000000082800000, 0x0000000082900000, 0x0000000082900000|100%| O|  |TAMS 0x0000000082900000, 0x0000000082800000| Untracked 
|   5|0x0000000082900000, 0x0000000082a00000, 0x0000000082a00000|100%| O|  |TAMS 0x0000000082a00000, 0x0000000082900000| Untracked 
|   6|0x0000000082a00000, 0x0000000082b00000, 0x0000000082b00000|100%| O|  |TAMS 0x0000000082b00000, 0x0000000082a00000| Untracked 
|   7|0x0000000082b00000, 0x0000000082b00000, 0x0000000082c00000|  0%| F|  |TAMS 0x0000000082b00000, 0x0000000082b00000| Untracked 
|   8|0x0000000082c00000, 0x0000000082d00000, 0x0000000082d00000|100%| O|  |TAMS 0x0000000082c00000, 0x0000000082c00000| Untracked 
|   9|0x0000000082d00000, 0x0000000082e00000, 0x0000000082e00000|100%| O|  |TAMS 0x0000000082d00000, 0x0000000082d00000| Untracked 
|  10|0x0000000082e00000, 0x0000000082e00000, 0x0000000082f00000|  0%| F|  |TAMS 0x0000000082e00000, 0x0000000082e00000| Untracked 
|  11|0x0000000082f00000, 0x0000000082f00000, 0x0000000083000000|  0%| F|  |TAMS 0x0000000082f00000, 0x0000000082f00000| Untracked 
|  12|0x0000000083000000, 0x0000000083000000, 0x0000000083100000|  0%| F|  |TAMS 0x0000000083000000, 0x0000000083000000| Untracked 
|  13|0x0000000083100000, 0x0000000083100000, 0x0000000083200000|  0%| F|  |TAMS 0x0000000083100000, 0x0000000083100000| Untracked 
|  14|0x0000000083200000, 0x0000000083200000, 0x0000000083300000|  0%| F|  |TAMS 0x0000000083200000, 0x0000000083200000| Untracked 
|  15|0x0000000083300000, 0x0000000083300000, 0x0000000083400000|  0%| F|  |TAMS 0x0000000083300000, 0x0000000083300000| Untracked 
|  16|0x0000000083400000, 0x0000000083400000, 0x0000000083500000|  0%| F|  |TAMS 0x0000000083400000, 0x0000000083400000| Untracked 
|  17|0x0000000083500000, 0x0000000083500000, 0x0000000083600000|  0%| F|  |TAMS 0x0000000083500000, 0x0000000083500000| Untracked 
|  18|0x0000000083600000, 0x0000000083700000, 0x0000000083700000|100%| O|  |TAMS 0x0000000083600000, 0x0000000083600000| Untracked 
|  19|0x0000000083700000, 0x0000000083800000, 0x0000000083800000|100%| O|  |TAMS 0x0000000083700000, 0x0000000083700000| Untracked 
|  20|0x0000000083800000, 0x0000000083900000, 0x0000000083900000|100%| O|  |TAMS 0x0000000083800000, 0x0000000083800000| Untracked 
|  21|0x0000000083900000, 0x0000000083a00000, 0x0000000083a00000|100%| O|  |TAMS 0x0000000083900000, 0x0000000083900000| Untracked 
|  22|0x0000000083a00000, 0x0000000083b00000, 0x0000000083b00000|100%| O|  |TAMS 0x0000000083a00000, 0x0000000083a00000| Untracked 
|  23|0x0000000083b00000, 0x0000000083b5cc00, 0x0000000083c00000| 36%| O|  |TAMS 0x0000000083b00000, 0x0000000083b00000| Untracked 
|  24|0x0000000083c00000, 0x0000000083c00000, 0x0000000083d00000|  0%| F|  |TAMS 0x0000000083c00000, 0x0000000083c00000| Untracked 
|  25|0x0000000083d00000, 0x0000000083d00000, 0x0000000083e00000|  0%| F|  |TAMS 0x0000000083d00000, 0x0000000083d00000| Untracked 
|  26|0x0000000083e00000, 0x0000000083e00000, 0x0000000083f00000|  0%| F|  |TAMS 0x0000000083e00000, 0x0000000083e00000| Untracked 
|  27|0x0000000083f00000, 0x0000000083f00000, 0x0000000084000000|  0%| F|  |TAMS 0x0000000083f00000, 0x0000000083f00000| Untracked 
|  28|0x0000000084000000, 0x0000000084000000, 0x0000000084100000|  0%| F|  |TAMS 0x0000000084000000, 0x0000000084000000| Untracked 
|  29|0x0000000084100000, 0x0000000084100000, 0x0000000084200000|  0%| F|  |TAMS 0x0000000084100000, 0x0000000084100000| Untracked 
|  30|0x0000000084200000, 0x0000000084200000, 0x0000000084300000|  0%| F|  |TAMS 0x0000000084200000, 0x0000000084200000| Untracked 
|  31|0x0000000084300000, 0x0000000084300000, 0x0000000084400000|  0%| F|  |TAMS 0x0000000084300000, 0x0000000084300000| Untracked 
|  32|0x0000000084400000, 0x0000000084400000, 0x0000000084500000|  0%| F|  |TAMS 0x0000000084400000, 0x0000000084400000| Untracked 
|  33|0x0000000084500000, 0x0000000084500000, 0x0000000084600000|  0%| F|  |TAMS 0x0000000084500000, 0x0000000084500000| Untracked 
|  34|0x0000000084600000, 0x0000000084600000, 0x0000000084700000|  0%| F|  |TAMS 0x0000000084600000, 0x0000000084600000| Untracked 
|  35|0x0000000084700000, 0x0000000084700000, 0x0000000084800000|  0%| F|  |TAMS 0x0000000084700000, 0x0000000084700000| Untracked 
|  36|0x0000000084800000, 0x000000008486f248, 0x0000000084900000| 43%| E|  |TAMS 0x0000000084800000, 0x0000000084800000| Complete 
|  37|0x0000000084900000, 0x0000000084a00000, 0x0000000084a00000|100%| E|CS|TAMS 0x0000000084900000, 0x0000000084900000| Complete 
|  38|0x0000000084a00000, 0x0000000084b00000, 0x0000000084b00000|100%| E|CS|TAMS 0x0000000084a00000, 0x0000000084a00000| Complete 
|  39|0x0000000084b00000, 0x0000000084c00000, 0x0000000084c00000|100%| E|CS|TAMS 0x0000000084b00000, 0x0000000084b00000| Complete 
|  40|0x0000000084c00000, 0x0000000084d00000, 0x0000000084d00000|100%| E|CS|TAMS 0x0000000084c00000, 0x0000000084c00000| Complete 
|  41|0x0000000084d00000, 0x0000000084e00000, 0x0000000084e00000|100%| E|CS|TAMS 0x0000000084d00000, 0x0000000084d00000| Complete 
|  42|0x0000000084e00000, 0x0000000084f00000, 0x0000000084f00000|100%| E|CS|TAMS 0x0000000084e00000, 0x0000000084e00000| Complete 
| 111|0x0000000089300000, 0x0000000089400000, 0x0000000089400000|100%| E|CS|TAMS 0x0000000089300000, 0x0000000089300000| Complete 
| 112|0x0000000089400000, 0x0000000089500000, 0x0000000089500000|100%| E|CS|TAMS 0x0000000089400000, 0x0000000089400000| Complete 
| 113|0x0000000089500000, 0x0000000089600000, 0x0000000089600000|100%| E|CS|TAMS 0x0000000089500000, 0x0000000089500000| Complete 
| 114|0x0000000089600000, 0x0000000089700000, 0x0000000089700000|100%| E|CS|TAMS 0x0000000089600000, 0x0000000089600000| Complete 
| 115|0x0000000089700000, 0x0000000089800000, 0x0000000089800000|100%| E|CS|TAMS 0x0000000089700000, 0x0000000089700000| Complete 
| 116|0x0000000089800000, 0x0000000089900000, 0x0000000089900000|100%| S|CS|TAMS 0x0000000089800000, 0x0000000089800000| Complete 
| 125|0x000000008a100000, 0x000000008a200000, 0x000000008a200000|100%| E|CS|TAMS 0x000000008a100000, 0x000000008a100000| Complete 

Card table byte_map: [0x0000024946450000,0x0000024946840000] _byte_map_base: 0x000002494603e000

Marking Bits (Prev, Next): (CMBitMap*) 0x0000024939757110, (CMBitMap*) 0x00000249397570d0
 Prev Bits: [0x0000024948ba0000, 0x000002494ab10000)
 Next Bits: [0x0000024946c30000, 0x0000024948ba0000)

Polling page: 0x00000249397d0000

Metaspace:

Usage:
  Non-class:     23.05 MB used.
      Class:      3.74 MB used.
       Both:     26.79 MB used.

Virtual space:
  Non-class space:       24.00 MB reserved,      23.25 MB ( 97%) committed,  3 nodes.
      Class space:        1.00 GB reserved,       3.94 MB ( <1%) committed,  1 nodes.
             Both:        1.02 GB reserved,      27.19 MB (  3%) committed. 

Chunk freelists:
   Non-Class:  784.00 KB
       Class:  3.88 MB
        Both:  4.64 MB

MaxMetaspaceSize: unlimited
CompressedClassSpaceSize: 1.00 GB
Initial GC threshold: 21.00 MB
Current GC threshold: 35.25 MB
CDS: on
MetaspaceReclaimPolicy: balanced
 - commit_granule_bytes: 65536.
 - commit_granule_words: 8192.
 - virtual_space_node_default_size: 1048576.
 - enlarge_chunks_in_place: 1.
 - new_chunks_are_fully_committed: 0.
 - uncommit_free_chunks: 1.
 - use_allocation_guard: 0.
 - handle_deallocations: 1.


Internal statistics:

num_allocs_failed_limit: 3.
num_arena_births: 578.
num_arena_deaths: 0.
num_vsnodes_births: 4.
num_vsnodes_deaths: 0.
num_space_committed: 435.
num_space_uncommitted: 0.
num_chunks_returned_to_freelist: 3.
num_chunks_taken_from_freelist: 1560.
num_chunk_merges: 3.
num_chunk_splits: 1048.
num_chunks_enlarged: 741.
num_purges: 0.
num_inconsistent_stats: 0.

CodeCache: size=49152Kb used=8318Kb max_used=8318Kb free=40833Kb
 bounds [0x0000024942780000, 0x0000024942fa0000, 0x0000024945780000]
 total_blobs=4049 nmethods=3524 adapters=448
 compilation: enabled
              stopped_count=0, restarted_count=0
 full_count=0

Compilation events (20 events):
Event: 2.710 Thread 0x000002494e0860b0 3516       1       org.springframework.aop.framework.autoproxy.AbstractAdvisorAutoProxyCreator::isEligibleAdvisorBean (2 bytes)
Event: 2.710 Thread 0x000002494d5c81b0 nmethod 3515 0x0000024942f99a10 code [0x0000024942f99ba0, 0x0000024942f99c78]
Event: 2.710 Thread 0x000002494e0860b0 nmethod 3516 0x0000024942f99d10 code [0x0000024942f99ea0, 0x0000024942f99f78]
Event: 2.710 Thread 0x000002494e082e80 nmethod 3514 0x0000024942f9a010 code [0x0000024942f9a260, 0x0000024942f9a818]
Event: 2.712 Thread 0x000002494e082e80 3517   !   1       org.springframework.util.ClassUtils::getDefaultClassLoader (37 bytes)
Event: 2.712 Thread 0x000002494e0839b0 3518       1       org.springframework.core.MethodParameter::getNestedParameterType (138 bytes)
Event: 2.713 Thread 0x000002494e082e80 nmethod 3517 0x0000024942f9ad10 code [0x0000024942f9af00, 0x0000024942f9b298]
Event: 2.713 Thread 0x000002494e0839b0 nmethod 3518 0x0000024942f9b610 code [0x0000024942f9b860, 0x0000024942f9bf28]
Event: 2.714 Thread 0x000002494e0839b0 3519       1       java.lang.invoke.StringConcatFactory::parseRecipe (198 bytes)
Event: 2.715 Thread 0x000002494e0860b0 3520       1       jdk.internal.misc.Unsafe::checkSize (32 bytes)
Event: 2.715 Thread 0x000002494e0860b0 nmethod 3520 0x0000024942f9c210 code [0x0000024942f9c3a0, 0x0000024942f9c508]
Event: 2.716 Thread 0x000002494e0839b0 nmethod 3519 0x0000024942f9c610 code [0x0000024942f9c8e0, 0x0000024942f9d678]
Event: 2.716 Thread 0x000002494d5c81b0 3521       1       java.util.regex.Matcher::reset (128 bytes)
Event: 2.716 Thread 0x000002494e0839b0 3522       1       sun.nio.fs.WindowsPath::compareTo (118 bytes)
Event: 2.716 Thread 0x000002494d5c81b0 nmethod 3521 0x0000024942f9df90 code [0x0000024942f9e140, 0x0000024942f9e338]
Event: 2.716 Thread 0x000002494e0839b0 nmethod 3522 0x0000024942f9e490 code [0x0000024942f9e6c0, 0x0000024942f9ece8]
Event: 2.718 Thread 0x000002494e0839b0 3523       1       org.springframework.beans.factory.support.AbstractBeanFactory::getBeanPostProcessors (5 bytes)
Event: 2.718 Thread 0x000002494e0839b0 nmethod 3523 0x0000024942f9f310 code [0x0000024942f9f4a0, 0x0000024942f9f578]
Event: 2.726 Thread 0x000002494e0839b0 3524   !   1       jdk.proxy2.$Proxy37::annotationType (29 bytes)
Event: 2.726 Thread 0x000002494e0839b0 nmethod 3524 0x0000024942f9f610 code [0x0000024942f9f7c0, 0x0000024942f9f9d8]

GC Heap History (12 events):
Event: 0.600 GC heap before
{Heap before GC invocations=0 (full 0):
 garbage-first heap   total 129024K, used 24576K [0x0000000082400000, 0x0000000100000000)
  region size 1024K, 23 young (23552K), 0 survivors (0K)
 Metaspace       used 7783K, committed 8064K, reserved 1056768K
  class space    used 1007K, committed 1152K, reserved 1048576K
}
Event: 0.610 GC heap after
{Heap after GC invocations=1 (full 0):
 garbage-first heap   total 129024K, used 7424K [0x0000000082400000, 0x0000000100000000)
  region size 1024K, 3 young (3072K), 3 survivors (3072K)
 Metaspace       used 7783K, committed 8064K, reserved 1056768K
  class space    used 1007K, committed 1152K, reserved 1048576K
}
Event: 0.949 GC heap before
{Heap before GC invocations=1 (full 0):
 garbage-first heap   total 129024K, used 26880K [0x0000000082400000, 0x0000000100000000)
  region size 1024K, 23 young (23552K), 3 survivors (3072K)
 Metaspace       used 12351K, committed 12672K, reserved 1064960K
  class space    used 1657K, committed 1792K, reserved 1048576K
}
Event: 0.954 GC heap after
{Heap after GC invocations=2 (full 0):
 garbage-first heap   total 129024K, used 8931K [0x0000000082400000, 0x0000000100000000)
  region size 1024K, 2 young (2048K), 2 survivors (2048K)
 Metaspace       used 12351K, committed 12672K, reserved 1064960K
  class space    used 1657K, committed 1792K, reserved 1048576K
}
Event: 1.746 GC heap before
{Heap before GC invocations=2 (full 0):
 garbage-first heap   total 129024K, used 57059K [0x0000000082400000, 0x0000000100000000)
  region size 1024K, 50 young (51200K), 2 survivors (2048K)
 Metaspace       used 19989K, committed 20352K, reserved 1073152K
  class space    used 2709K, committed 2880K, reserved 1048576K
}
Event: 1.752 GC heap after
{Heap after GC invocations=3 (full 0):
 garbage-first heap   total 129024K, used 12054K [0x0000000082400000, 0x0000000100000000)
  region size 1024K, 5 young (5120K), 5 survivors (5120K)
 Metaspace       used 19989K, committed 20352K, reserved 1073152K
  class space    used 2709K, committed 2880K, reserved 1048576K
}
Event: 1.968 GC heap before
{Heap before GC invocations=3 (full 0):
 garbage-first heap   total 129024K, used 20246K [0x0000000082400000, 0x0000000100000000)
  region size 1024K, 14 young (14336K), 5 survivors (5120K)
 Metaspace       used 21204K, committed 21504K, reserved 1073152K
  class space    used 2903K, committed 3072K, reserved 1048576K
}
Event: 1.973 GC heap after
{Heap after GC invocations=4 (full 0):
 garbage-first heap   total 129024K, used 12801K [0x0000000082400000, 0x0000000100000000)
  region size 1024K, 6 young (6144K), 6 survivors (6144K)
 Metaspace       used 21204K, committed 21504K, reserved 1073152K
  class space    used 2903K, committed 3072K, reserved 1048576K
}
Event: 2.516 GC heap before
{Heap before GC invocations=5 (full 0):
 garbage-first heap   total 51200K, used 38401K [0x0000000082400000, 0x0000000100000000)
  region size 1024K, 32 young (32768K), 6 survivors (6144K)
 Metaspace       used 25628K, committed 26048K, reserved 1073152K
  class space    used 3546K, committed 3712K, reserved 1048576K
}
Event: 2.527 GC heap after
{Heap after GC invocations=6 (full 0):
 garbage-first heap   total 51200K, used 15075K [0x0000000082400000, 0x0000000100000000)
  region size 1024K, 8 young (8192K), 8 survivors (8192K)
 Metaspace       used 25628K, committed 26048K, reserved 1073152K
  class space    used 3546K, committed 3712K, reserved 1048576K
}
Event: 2.543 GC heap before
{Heap before GC invocations=6 (full 0):
 garbage-first heap   total 51200K, used 15075K [0x0000000082400000, 0x0000000100000000)
  region size 1024K, 9 young (9216K), 8 survivors (8192K)
 Metaspace       used 25827K, committed 26240K, reserved 1073152K
  class space    used 3565K, committed 3776K, reserved 1048576K
}
Event: 2.552 GC heap after
{Heap after GC invocations=7 (full 0):
 garbage-first heap   total 51200K, used 15731K [0x0000000082400000, 0x0000000100000000)
  region size 1024K, 1 young (1024K), 1 survivors (1024K)
 Metaspace       used 25827K, committed 26240K, reserved 1073152K
  class space    used 3565K, committed 3776K, reserved 1048576K
}

Deoptimization events (4 events):
Event: 1.036 Thread 0x00000249396fa810 DEOPT PACKING pc=0x0000024942d2bb19 sp=0x000000c98eefd4b0
Event: 1.036 Thread 0x00000249396fa810 DEOPT UNPACKING pc=0x00000249427d2b43 sp=0x000000c98eefc990 mode 3
Event: 2.635 Thread 0x00000249396fa810 DEOPT PACKING pc=0x0000024942f6029d sp=0x000000c98eefc680
Event: 2.635 Thread 0x00000249396fa810 DEOPT UNPACKING pc=0x00000249427d2b43 sp=0x000000c98eefbbe8 mode 3

Classes unloaded (0 events):
No events

Classes redefined (0 events):
No events

Internal exceptions (20 events):
Event: 2.047 Thread 0x00000249396fa810 Exception <a 'java/lang/NoSuchMethodError'{0x0000000084d7cd98}: 'int java.lang.invoke.Invokers$Holder.linkToTargetMethod(java.lang.Object, java.lang.Object, java.lang.Object)'> (0x0000000084d7cd98) 
thrown [s\open\src\hotspot\share\interpreter\linkResolver.cpp, line 759]
Event: 2.081 Thread 0x00000249396fa810 Exception <a 'java/lang/NoClassDefFoundError'{0x0000000084c94d60}: org/flywaydb/core/Flyway> (0x0000000084c94d60) 
thrown [s\open\src\hotspot\share\classfile\systemDictionary.cpp, line 245]
Event: 2.081 Thread 0x00000249396fa810 Exception <a 'java/lang/NoClassDefFoundError'{0x0000000084c96ab8}: liquibase/integration/spring/SpringLiquibase> (0x0000000084c96ab8) 
thrown [s\open\src\hotspot\share\classfile\systemDictionary.cpp, line 245]
Event: 2.102 Thread 0x00000249396fa810 Exception <a 'java/lang/NoClassDefFoundError'{0x0000000084a46f48}: org/jooq/DSLContext> (0x0000000084a46f48) 
thrown [s\open\src\hotspot\share\classfile\systemDictionary.cpp, line 245]
Event: 2.102 Thread 0x00000249396fa810 Exception <a 'java/lang/NoClassDefFoundError'{0x0000000084a53bd8}: org/springframework/batch/core/repository/JobRepository> (0x0000000084a53bd8) 
thrown [s\open\src\hotspot\share\classfile\systemDictionary.cpp, line 245]
Event: 2.103 Thread 0x00000249396fa810 Exception <a 'java/lang/NoClassDefFoundError'{0x0000000084a556d0}: org/quartz/Scheduler> (0x0000000084a556d0) 
thrown [s\open\src\hotspot\share\classfile\systemDictionary.cpp, line 245]
Event: 2.103 Thread 0x00000249396fa810 Exception <a 'java/lang/NoClassDefFoundError'{0x0000000084a57630}: org/springframework/session/jdbc/JdbcIndexedSessionRepository> (0x0000000084a57630) 
thrown [s\open\src\hotspot\share\classfile\systemDictionary.cpp, line 245]
Event: 2.109 Thread 0x000002494d5bd7a0 Exception <a 'java/lang/reflect/InvocationTargetException'{0x0000000084901b90}> (0x0000000084901b90) 
thrown [s\open\src\hotspot\share\runtime\reflection.cpp, line 1121]
Event: 2.125 Thread 0x00000249396fa810 Exception <a 'java/lang/NoSuchMethodError'{0x0000000084877e78}: 'void java.lang.invoke.DirectMethodHandle$Holder.invokeSpecial(java.lang.Object, java.lang.Object, java.lang.Object, java.lang.Object, java.lang.Object, java.lang.Object)'> (0x0000000084877e78) 
thrown [s\open\src\hotspot\share\interpreter\linkResolver.cpp, line 759]
Event: 2.192 Thread 0x00000249396fa810 Exception <a 'java/lang/NoSuchMethodError'{0x0000000084416a08}: 'java.lang.Object java.lang.invoke.DirectMethodHandle$Holder.invokeSpecialIFC(java.lang.Object, java.lang.Object, java.lang.Object)'> (0x0000000084416a08) 
thrown [s\open\src\hotspot\share\interpreter\linkResolver.cpp, line 759]
Event: 2.282 Thread 0x00000249396fa810 Exception <a 'java/lang/NoSuchMethodError'{0x0000000084046c00}: 'void java.lang.invoke.DirectMethodHandle$Holder.invokeInterface(java.lang.Object, java.lang.Object, int)'> (0x0000000084046c00) 
thrown [s\open\src\hotspot\share\interpreter\linkResolver.cpp, line 759]
Event: 2.287 Thread 0x00000249396fa810 Exception <a 'java/lang/IncompatibleClassChangeError'{0x0000000084096720}: Found class java.lang.Object, but interface was expected> (0x0000000084096720) 
thrown [s\open\src\hotspot\share\interpreter\linkResolver.cpp, line 826]
Event: 2.287 Thread 0x00000249396fa810 Exception <a 'java/lang/NoSuchMethodError'{0x000000008409b808}: 'void java.lang.invoke.DirectMethodHandle$Holder.invokeStatic(java.lang.Object, int, java.lang.Object)'> (0x000000008409b808) 
thrown [s\open\src\hotspot\share\interpreter\linkResolver.cpp, line 759]
Event: 2.472 Thread 0x00000249396fa810 Exception <a 'java/lang/NoSuchMethodError'{0x0000000083623e78}: 'java.lang.Object java.lang.invoke.DirectMethodHandle$Holder.invokeSpecial(java.lang.Object, java.lang.Object, long, java.lang.Object, java.lang.Object, java.lang.Object, java.lang.Object, java.lang.Object, java.lang.Object)'> (0x0000000083623e78) 
thrown [s\open\src\hotspot\share\interpreter\linkResolver.cpp, line 759]
Event: 2.473 Thread 0x00000249396fa810 Exception <a 'java/lang/NoSuchMethodError'{0x00000000836289a0}: 'java.lang.Object java.lang.invoke.DelegatingMethodHandle$Holder.reinvoke_L(java.lang.Object, long, java.lang.Object, java.lang.Object, java.lang.Object, java.lang.Object, java.lang.Object, java.lang.Object)'> (0x00000000836289a0) 
thrown [s\open\src\hotspot\share\interpreter\linkResolver.cpp, line 759]
Event: 2.473 Thread 0x00000249396fa810 Exception <a 'java/lang/NoSuchMethodError'{0x00000000836353a0}: 'java.lang.Object java.lang.invoke.Invokers$Holder.linkToTargetMethod(java.lang.Object, java.lang.Object, java.lang.Object, java.lang.Object, java.lang.Object, java.lang.Object, java.lang.Object)'> (0x00000000836353a0) 
thrown [s\open\src\hotspot\share\interpreter\linkResolver.cpp, line 759]
Event: 2.586 Thread 0x00000249396fa810 Exception <a 'java/io/FileNotFoundException'{0x0000000089796df8}> (0x0000000089796df8) 
thrown [s\open\src\hotspot\share\prims\jni.cpp, line 516]
Event: 2.606 Thread 0x00000249396fa810 Exception <a 'java/lang/NoSuchMethodError'{0x00000000896e9068}: 'int java.lang.invoke.DirectMethodHandle$Holder.invokeInterface(java.lang.Object, java.lang.Object, java.lang.Object, java.lang.Object)'> (0x00000000896e9068) 
thrown [s\open\src\hotspot\share\interpreter\linkResolver.cpp, line 759]
Event: 2.640 Thread 0x000002494d5bd7a0 Exception <a 'java/lang/reflect/InvocationTargetException'{0x0000000089301b90}> (0x0000000089301b90) 
thrown [s\open\src\hotspot\share\runtime\reflection.cpp, line 1121]
Event: 2.641 Thread 0x00000249396fa810 Exception <a 'java/lang/NoSuchMethodError'{0x00000000894fe8a0}: 'long java.lang.invoke.DirectMethodHandle$Holder.invokeVirtual(java.lang.Object, java.lang.Object)'> (0x00000000894fe8a0) 
thrown [s\open\src\hotspot\share\interpreter\linkResolver.cpp, line 759]

VM Operations (20 events):
Event: 2.449 Executing VM operation: HandshakeAllThreads
Event: 2.449 Executing VM operation: HandshakeAllThreads done
Event: 2.511 Executing VM operation: HandshakeAllThreads
Event: 2.511 Executing VM operation: HandshakeAllThreads done
Event: 2.516 Executing VM operation: G1CollectForAllocation
Event: 2.527 Executing VM operation: G1CollectForAllocation done
Event: 2.543 Executing VM operation: G1CollectForAllocation
Event: 2.552 Executing VM operation: G1CollectForAllocation done
Event: 2.562 Executing VM operation: HandshakeAllThreads
Event: 2.562 Executing VM operation: HandshakeAllThreads done
Event: 2.581 Executing VM operation: HandshakeAllThreads
Event: 2.581 Executing VM operation: HandshakeAllThreads done
Event: 2.620 Executing VM operation: HandshakeAllThreads
Event: 2.620 Executing VM operation: HandshakeAllThreads done
Event: 2.620 Executing VM operation: HandshakeAllThreads
Event: 2.620 Executing VM operation: HandshakeAllThreads done
Event: 2.649 Executing VM operation: HandshakeAllThreads
Event: 2.649 Executing VM operation: HandshakeAllThreads done
Event: 2.693 Executing VM operation: HandshakeAllThreads
Event: 2.693 Executing VM operation: HandshakeAllThreads done

Events (20 events):
Event: 2.631 loading class java/io/EOFException done
Event: 2.631 loading class javax/net/ssl/SSLException
Event: 2.631 loading class javax/net/ssl/SSLException done
Event: 2.641 loading class java/nio/channels/CompletionHandler
Event: 2.641 loading class java/nio/channels/CompletionHandler done
Event: 2.648 loading class jdk/internal/vm/annotation/IntrinsicCandidate
Event: 2.648 loading class jdk/internal/vm/annotation/IntrinsicCandidate done
Event: 2.653 Thread 0x000002494d5bb5f0 Thread added: 0x000002494d5bb5f0
Event: 2.654 Thread 0x000002494d5bc460 Thread added: 0x000002494d5bc460
Event: 2.654 loading class java/lang/invoke/DirectMethodHandle$Special
Event: 2.654 loading class java/lang/invoke/DirectMethodHandle$Special done
Event: 2.655 loading class java/util/concurrent/locks/AbstractQueuedSynchronizer$ExclusiveNode
Event: 2.655 loading class java/util/concurrent/locks/AbstractQueuedSynchronizer$ExclusiveNode done
Event: 2.658 Thread 0x000002494d5bbf90 Thread added: 0x000002494d5bbf90
Event: 2.670 loading class java/lang/ExceptionInInitializerError
Event: 2.670 loading class java/lang/ExceptionInInitializerError done
Event: 2.709 loading class javax/naming/Referenceable
Event: 2.709 loading class javax/naming/Referenceable done
Event: 2.727 loading class java/lang/instrument/ClassFileTransformer
Event: 2.727 loading class java/lang/instrument/ClassFileTransformer done


Dynamic libraries:
0x00007ff710fa0000 - 0x00007ff710fb0000 	C:\Program Files\Java\jdk-17\bin\javaw.exe
0x00007ffe320d0000 - 0x00007ffe322c8000 	C:\Windows\SYSTEM32\ntdll.dll
0x00007ffe31160000 - 0x00007ffe3121f000 	C:\Windows\System32\KERNEL32.DLL
0x00007ffe2f8f0000 - 0x00007ffe2fbca000 	C:\Windows\System32\KERNELBASE.dll
0x00007ffe2fe10000 - 0x00007ffe2ff10000 	C:\Windows\System32\ucrtbase.dll
0x00007ffe13910000 - 0x00007ffe13929000 	C:\Program Files\Java\jdk-17\bin\jli.dll
0x00007ffe138f0000 - 0x00007ffe1390b000 	C:\Program Files\Java\jdk-17\bin\VCRUNTIME140.dll
0x00007ffe30230000 - 0x00007ffe302de000 	C:\Windows\System32\ADVAPI32.dll
0x00007ffe31b80000 - 0x00007ffe31c1e000 	C:\Windows\System32\msvcrt.dll
0x00007ffe30130000 - 0x00007ffe301cc000 	C:\Windows\System32\sechost.dll
0x00007ffe31a50000 - 0x00007ffe31b76000 	C:\Windows\System32\RPCRT4.dll
0x00007ffe30c40000 - 0x00007ffe30ddd000 	C:\Windows\System32\USER32.dll
0x00007ffe2fc70000 - 0x00007ffe2fc92000 	C:\Windows\System32\win32u.dll
0x00007ffe2eae0000 - 0x00007ffe2ed7a000 	C:\Windows\WinSxS\amd64_microsoft.windows.common-controls_6595b64144ccf1df_6.0.19041.1110_none_60b5254171f9507e\COMCTL32.dll
0x00007ffe30c10000 - 0x00007ffe30c3b000 	C:\Windows\System32\GDI32.dll
0x00007ffe2f7e0000 - 0x00007ffe2f8f0000 	C:\Windows\System32\gdi32full.dll
0x00007ffe2fbd0000 - 0x00007ffe2fc6d000 	C:\Windows\System32\msvcp_win.dll
0x00007ffe29af0000 - 0x00007ffe29afa000 	C:\Windows\SYSTEM32\VERSION.dll
0x00007ffe31040000 - 0x00007ffe31070000 	C:\Windows\System32\IMM32.DLL
0x00007ffe26300000 - 0x00007ffe2630c000 	C:\Program Files\Java\jdk-17\bin\vcruntime140_1.dll
0x00007ffdfac20000 - 0x00007ffdfacae000 	C:\Program Files\Java\jdk-17\bin\msvcp140.dll
0x00007ffdc88f0000 - 0x00007ffdc94cd000 	C:\Program Files\Java\jdk-17\bin\server\jvm.dll
0x00007ffe30600000 - 0x00007ffe30608000 	C:\Windows\System32\PSAPI.DLL
0x00007ffe19f90000 - 0x00007ffe19f99000 	C:\Windows\SYSTEM32\WSOCK32.dll
0x00007ffe211e0000 - 0x00007ffe21207000 	C:\Windows\SYSTEM32\WINMM.dll
0x00007ffe302e0000 - 0x00007ffe3034b000 	C:\Windows\System32\WS2_32.dll
0x00007ffe2c860000 - 0x00007ffe2c872000 	C:\Windows\SYSTEM32\kernel.appcore.dll
0x00007ffe17310000 - 0x00007ffe1731a000 	C:\Program Files\Java\jdk-17\bin\jimage.dll
0x00007ffe2eea0000 - 0x00007ffe2f084000 	C:\Windows\SYSTEM32\DBGHELP.DLL
0x00007ffe2eda0000 - 0x00007ffe2edd4000 	C:\Windows\SYSTEM32\dbgcore.DLL
0x00007ffe2fca0000 - 0x00007ffe2fd22000 	C:\Windows\System32\bcryptPrimitives.dll
0x00007ffe138c0000 - 0x00007ffe138e5000 	C:\Program Files\Java\jdk-17\bin\java.dll
0x00007ffdfab40000 - 0x00007ffdfac17000 	C:\Program Files\Java\jdk-17\bin\jsvml.dll
0x00007ffe31300000 - 0x00007ffe31a44000 	C:\Windows\System32\SHELL32.dll
0x00007ffe2d1f0000 - 0x00007ffe2d983000 	C:\Windows\SYSTEM32\windows.storage.dll
0x00007ffe31d30000 - 0x00007ffe32084000 	C:\Windows\System32\combase.dll
0x00007ffe2e9f0000 - 0x00007ffe2ea1e000 	C:\Windows\SYSTEM32\Wldp.dll
0x00007ffe31c80000 - 0x00007ffe31d2d000 	C:\Windows\System32\SHCORE.dll
0x00007ffe301d0000 - 0x00007ffe30225000 	C:\Windows\System32\shlwapi.dll
0x00007ffe2f720000 - 0x00007ffe2f73f000 	C:\Windows\SYSTEM32\profapi.dll
0x00007ffe13850000 - 0x00007ffe13869000 	C:\Program Files\Java\jdk-17\bin\net.dll
0x00007ffe26080000 - 0x00007ffe2618a000 	C:\Windows\SYSTEM32\WINHTTP.dll
0x00007ffe2e7d0000 - 0x00007ffe2e83a000 	C:\Windows\system32\mswsock.dll
0x00007ffe13800000 - 0x00007ffe13816000 	C:\Program Files\Java\jdk-17\bin\nio.dll
0x00007ffe137e0000 - 0x00007ffe137f8000 	C:\Program Files\Java\jdk-17\bin\zip.dll
0x00007ffe16920000 - 0x00007ffe1692a000 	C:\Program Files\Java\jdk-17\bin\management.dll
0x00007ffe14ab0000 - 0x00007ffe14abb000 	C:\Program Files\Java\jdk-17\bin\management_ext.dll
0x00007ffe0b540000 - 0x00007ffe0b557000 	C:\Windows\system32\napinsp.dll
0x00007ffe0b520000 - 0x00007ffe0b53b000 	C:\Windows\system32\pnrpnsp.dll
0x00007ffe28450000 - 0x00007ffe28465000 	C:\Windows\system32\wshbth.dll
0x00007ffe29cf0000 - 0x00007ffe29d0d000 	C:\Windows\system32\NLAapi.dll
0x00007ffe2e4e0000 - 0x00007ffe2e51c000 	C:\Windows\SYSTEM32\IPHLPAPI.DLL
0x00007ffe2e520000 - 0x00007ffe2e5eb000 	C:\Windows\SYSTEM32\DNSAPI.dll
0x00007ffe30ae0000 - 0x00007ffe30ae8000 	C:\Windows\System32\NSI.dll
0x00007ffe0b500000 - 0x00007ffe0b512000 	C:\Windows\System32\winrnr.dll
0x00007ffe27390000 - 0x00007ffe2739a000 	C:\Windows\System32\rasadhlp.dll
0x00007ffe25e40000 - 0x00007ffe25ec0000 	C:\Windows\System32\fwpuclnt.dll
0x00007ffe2fd30000 - 0x00007ffe2fd57000 	C:\Windows\System32\bcrypt.dll
0x00007ffe2f490000 - 0x00007ffe2f4a8000 	C:\Windows\SYSTEM32\CRYPTSP.dll
0x00007ffe2e170000 - 0x00007ffe2e1a4000 	C:\Windows\system32\rsaenh.dll
0x00007ffe2f6a0000 - 0x00007ffe2f6ce000 	C:\Windows\SYSTEM32\USERENV.dll
0x00007ffe2e960000 - 0x00007ffe2e96c000 	C:\Windows\SYSTEM32\CRYPTBASE.dll
0x00007ffe27980000 - 0x00007ffe27997000 	C:\Windows\SYSTEM32\dhcpcsvc6.DLL
0x00007ffe27960000 - 0x00007ffe2797d000 	C:\Windows\SYSTEM32\dhcpcsvc.DLL
0x00007ffe137d0000 - 0x00007ffe137e0000 	C:\Program Files\Java\jdk-17\bin\verify.dll
0x00007ffe137c0000 - 0x00007ffe137cd000 	C:\Program Files\Java\jdk-17\bin\sunmscapi.dll
0x00007ffe2ff10000 - 0x00007ffe30066000 	C:\Windows\System32\CRYPT32.dll
0x00007ffe2f090000 - 0x00007ffe2f0b8000 	C:\Windows\SYSTEM32\ncrypt.dll
0x00007ffe2ee60000 - 0x00007ffe2ee9b000 	C:\Windows\SYSTEM32\NTASN1.dll

dbghelp: loaded successfully - version: 4.0.5 - missing functions: none
symbol engine: initialized successfully - sym options: 0x614 - pdb path: .;C:\Program Files\Java\jdk-17\bin;C:\Windows\SYSTEM32;C:\Windows\WinSxS\amd64_microsoft.windows.common-controls_6595b64144ccf1df_6.0.19041.1110_none_60b5254171f9507e;C:\Program Files\Java\jdk-17\bin\server

VM Arguments:
jvm_args: -Dcom.sun.management.jmxremote -Dcom.sun.management.jmxremote.port=55536 -Dcom.sun.management.jmxremote.authenticate=false -Dcom.sun.management.jmxremote.ssl=false -Djava.rmi.server.hostname=localhost -Dspring.jmx.enabled=true -Dmanagement.endpoints.jmx.exposure.include=* -Dspring.application.admin.enabled=true -XX:TieredStopAtLevel=1 -Dspring.boot.project.name=dslist -Dfile.encoding=UTF-8 -XX:+ShowCodeDetailsInExceptionMessages 
java_command: com.devsuperior.dslist.DslistApplication --spring.output.ansi.enabled=always
java_class_path (initial): C:\Users\arima\OneDrive\workspace\dslist\target\classes;C:\Users\arima\.m2\repository\org\springframework\boot\spring-boot-starter-data-jpa\3.0.6\spring-boot-starter-data-jpa-3.0.6.jar;C:\Users\arima\.m2\repository\org\springframework\boot\spring-boot-starter-aop\3.0.6\spring-boot-starter-aop-3.0.6.jar;C:\Users\arima\.m2\repository\org\springframework\spring-aop\6.0.8\spring-aop-6.0.8.jar;C:\Users\arima\.m2\repository\org\aspectj\aspectjweaver\1.9.19\aspectjweaver-1.9.19.jar;C:\Users\arima\.m2\repository\org\springframework\boot\spring-boot-starter-jdbc\3.0.6\spring-boot-starter-jdbc-3.0.6.jar;C:\Users\arima\.m2\repository\com\zaxxer\HikariCP\5.0.1\HikariCP-5.0.1.jar;C:\Users\arima\.m2\repository\org\springframework\spring-jdbc\6.0.8\spring-jdbc-6.0.8.jar;C:\Users\arima\.m2\repository\org\hibernate\orm\hibernate-core\6.1.7.Final\hibernate-core-6.1.7.Final.jar;C:\Users\arima\.m2\repository\jakarta\persistence\jakarta.persistence-api\3.1.0\jakarta.persistence-api-3.1.0.jar;C:\Users\arima\.m2\repository\jakarta\transaction\jakarta.transaction-api\2.0.1\jakarta.transaction-api-2.0.1.jar;C:\Users\arima\.m2\repository\org\jboss\logging\jboss-logging\3.5.0.Final\jboss-logging-3.5.0.Final.jar;C:\Users\arima\.m2\repository\org\hibernate\common\hibernate-commons-annotations\6.0.6.Final\hibernate-commons-annotations-6.0.6.Final.jar;C:\Users\arima\.m2\repository\org\jboss\jandex\2.4.2.Final\jandex-2.4.2.Final.jar;C:\Users\arima\.m2\repository\com\fasterxml\classmate\1.5.1\classmate-1.5.1.jar;C:\Users\arima\.m2\repository\net\bytebuddy\byte-buddy\1.12.23\byte-buddy-1.12.23.jar;C:\Users\arima\.m2\repository\org\glassfish\jaxb\jaxb-runtime\4.0.2\jaxb-runtime-4.0.2.jar;C:\Users\arima\.m2\repository\org\glassfish\jaxb\jaxb-core\4.0.2\jaxb-core-4.0.2.jar;C:\Users\arima\.m2\repository\org\eclipse\angus\angus-activation\2.0.0\angus-activation-2.0.0.jar;C:\Users\arima\.m2\repository\org\glassfish\jaxb\txw2\4.0.2\txw2-4.0.2.jar;C:\Users\arima\.m2\repository\c
Launcher Type: SUN_STANDARD

[Global flags]
     intx CICompilerCount                          = 4                                         {product} {ergonomic}
     uint ConcGCThreads                            = 2                                         {product} {ergonomic}
     uint G1ConcRefinementThreads                  = 8                                         {product} {ergonomic}
   size_t G1HeapRegionSize                         = 1048576                                   {product} {ergonomic}
    uintx GCDrainStackTargetSize                   = 64                                        {product} {ergonomic}
   size_t InitialHeapSize                          = 132120576                                 {product} {ergonomic}
     bool ManagementServer                         = true                                      {product} {command line}
   size_t MarkStackSize                            = 4194304                                   {product} {ergonomic}
   size_t MaxHeapSize                              = 2109734912                                {product} {ergonomic}
   size_t MaxNewSize                               = 1265631232                                {product} {ergonomic}
   size_t MinHeapDeltaBytes                        = 1048576                                   {product} {ergonomic}
   size_t MinHeapSize                              = 8388608                                   {product} {ergonomic}
    uintx NonProfiledCodeHeapSize                  = 0                                      {pd product} {ergonomic}
     bool ProfileInterpreter                       = false                                  {pd product} {command line}
    uintx ProfiledCodeHeapSize                     = 0                                      {pd product} {ergonomic}
     bool ShowCodeDetailsInExceptionMessages       = true                                   {manageable} {command line}
   size_t SoftMaxHeapSize                          = 2109734912                             {manageable} {ergonomic}
     intx TieredStopAtLevel                        = 1                                         {product} {command line}
     bool UseCompressedClassPointers               = true                           {product lp64_product} {ergonomic}
     bool UseCompressedOops                        = true                           {product lp64_product} {ergonomic}
     bool UseG1GC                                  = true                                      {product} {ergonomic}
     bool UseLargePagesIndividualAllocation        = false                                  {pd product} {ergonomic}

Logging:
Log output configuration:
 #0: stdout all=warning uptime,level,tags
 #1: stderr all=off uptime,level,tags

Environment Variables:
JAVA_HOME=C:\Program Files\Java\jdk-17
PATH=C:/Users/arima/.p2/pool/plugins/org.eclipse.justj.openjdk.hotspot.jre.full.win32.x86_64_17.0.6.v20230204-1729/jre/bin/server;C:/Users/arima/.p2/pool/plugins/org.eclipse.justj.openjdk.hotspot.jre.full.win32.x86_64_17.0.6.v20230204-1729/jre/bin;C:\Program Files\Java\jdk-17\bin;C:\Program Files\Common Files\Oracle\Java\javapath;C:\Windows\system32;C:\Windows;C:\Windows\System32\Wbem;C:\Windows\System32\WindowsPowerShell\v1.0\;C:\Windows\System32\OpenSSH\;C:\Program Files\Amazon\AWSCLIV2\;C:\Program Files\Microsoft SQL Server\150\Tools\Binn\;C:\Program Files\Microsoft SQL Server\Client SDK\ODBC\170\Tools\Binn\;C:\Program Files\dotnet\;C:\Program Files\Git\cmd;C:\Program Files\Docker\Docker\resources\bin;C:\Users\arima\AppData\Local\Microsoft\WindowsApps;;C:\Users\arima\AppData\Local\Programs\Microsoft VS Code\bin;C:\Users\arima\.dotnet\tools;C:\Users\arima\Desktop;
USERNAME=arima
OS=Windows_NT
PROCESSOR_IDENTIFIER=Intel64 Family 6 Model 142 Stepping 11, GenuineIntel



---------------  S Y S T E M  ---------------

OS:
 Windows 10 , 64 bit Build 19041 (10.0.19041.2788)
OS uptime: 2 days 3:14 hours
Hyper-V role detected

CPU: total 8 (initial active 8) (4 cores per cpu, 2 threads per core) family 6 model 142 stepping 11 microcode 0xae, cx8, cmov, fxsr, ht, mmx, 3dnowpref, sse, sse2, sse3, ssse3, sse4.1, sse4.2, popcnt, lzcnt, tsc, tscinvbit, avx, avx2, aes, erms, clmul, bmi1, bmi2, adx, fma, vzeroupper, clflush, clflushopt, hv

Memory: 4k page, system-wide physical 8042M (735M free)
TotalPageFile size 16989M (AvailPageFile size 2719M)
current process WorkingSet (physical memory assigned to process): 133M, peak: 135M
current process commit charge ("private bytes"): 176M, peak: 245M

vm_info: Java HotSpot(TM) 64-Bit Server VM (17.0.7+8-LTS-224) for windows-amd64 JRE (17.0.7+8-LTS-224), built on Feb 28 2023 23:03:02 by "mach5one" with MS VC++ 17.1 (VS2022)

END.
